[ 2020-10-10T16:53:50+08:00 ] 117.23.112.245 /chaxun/?mobile=13088900296
INFO: [ app_init ] --START--
INFO: Run Behavior\BuildLiteBehavior [ RunTime:0.000008s ]
INFO: [ app_init ] --END-- [ RunTime:0.000719s ]
INFO: [ app_begin ] --START--
INFO: Run Behavior\ReadHtmlCacheBehavior [ RunTime:0.000869s ]
INFO: [ app_begin ] --END-- [ RunTime:0.000896s ]
SQL: SHOW COLUMNS FROM `ci_contact` [ RunTime:0.0009s ]
SQL: SELECT `id`,`name`,`number` FROM `ci_contact` WHERE `number` = '13088900296' LIMIT 1   [ RunTime:0.0003s ]
SQL: SHOW COLUMNS FROM `ci_invoice` [ RunTime:0.0005s ]
SQL: SELECT a.buId,a.billDate,a.billNo,a.rpAmount FROM ci_invoice a WHERE a.buId = '2' ORDER BY a.billDate desc  [ RunTime:0.0002s ]
SQL: SHOW COLUMNS FROM `ci_invoice_info` [ RunTime:0.0004s ]
SQL: SELECT a.amount,a.price,a.qty,b.name,b.number,b.unitName,c.name as sname FROM ci_invoice_info a INNER JOIN ci_goods b ON a.invId=b.id INNER JOIN ci_storage c ON b.locationId=c.id  WHERE a.billNo = 'XS202010101653092'  [ RunTime:0.0003s ]
SQL: SELECT a.amount,a.price,a.qty,b.name,b.number,b.unitName,c.name as sname FROM ci_invoice_info a INNER JOIN ci_goods b ON a.invId=b.id INNER JOIN ci_storage c ON b.locationId=c.id  WHERE a.billNo = 'XS202009280929261'  [ RunTime:0.0002s ]
SQL: SELECT a.amount,a.price,a.qty,b.name,b.number,b.unitName,c.name as sname FROM ci_invoice_info a INNER JOIN ci_goods b ON a.invId=b.id INNER JOIN ci_storage c ON b.locationId=c.id  WHERE a.billNo = 'XS202009270924418'  [ RunTime:0.0002s ]
SQL: SELECT a.amount,a.price,a.qty,b.name,b.number,b.unitName,c.name as sname FROM ci_invoice_info a INNER JOIN ci_goods b ON a.invId=b.id INNER JOIN ci_storage c ON b.locationId=c.id  WHERE a.billNo = 'XS202009261842371'  [ RunTime:0.0005s ]
SQL: SELECT a.amount,a.price,a.qty,b.name,b.number,b.unitName,c.name as sname FROM ci_invoice_info a INNER JOIN ci_goods b ON a.invId=b.id INNER JOIN ci_storage c ON b.locationId=c.id  WHERE a.billNo = 'XS202009261813232'  [ RunTime:0.0002s ]
SQL: SELECT a.amount,a.price,a.qty,b.name,b.number,b.unitName,c.name as sname FROM ci_invoice_info a INNER JOIN ci_goods b ON a.invId=b.id INNER JOIN ci_storage c ON b.locationId=c.id  WHERE a.billNo = 'XS202009202131205'  [ RunTime:0.0002s ]
SQL: SELECT a.amount,a.price,a.qty,b.name,b.number,b.unitName,c.name as sname FROM ci_invoice_info a INNER JOIN ci_goods b ON a.invId=b.id INNER JOIN ci_storage c ON b.locationId=c.id  WHERE a.billNo = 'XS202009202128305'  [ RunTime:0.0002s ]
SQL: SELECT a.amount,a.price,a.qty,b.name,b.number,b.unitName,c.name as sname FROM ci_invoice_info a INNER JOIN ci_goods b ON a.invId=b.id INNER JOIN ci_storage c ON b.locationId=c.id  WHERE a.billNo = 'XS202009202123311'  [ RunTime:0.0002s ]
SQL: SELECT a.amount,a.price,a.qty,b.name,b.number,b.unitName,c.name as sname FROM ci_invoice_info a INNER JOIN ci_goods b ON a.invId=b.id INNER JOIN ci_storage c ON b.locationId=c.id  WHERE a.billNo = 'XS202009202109404'  [ RunTime:0.0002s ]
SQL: SELECT a.amount,a.price,a.qty,b.name,b.number,b.unitName,c.name as sname FROM ci_invoice_info a INNER JOIN ci_goods b ON a.invId=b.id INNER JOIN ci_storage c ON b.locationId=c.id  WHERE a.billNo = 'XS202009202108341'  [ RunTime:0.0002s ]
SQL: SELECT a.amount,a.price,a.qty,b.name,b.number,b.unitName,c.name as sname FROM ci_invoice_info a INNER JOIN ci_goods b ON a.invId=b.id INNER JOIN ci_storage c ON b.locationId=c.id  WHERE a.billNo = 'XS202009202107263'  [ RunTime:0.0002s ]
SQL: SELECT a.amount,a.price,a.qty,b.name,b.number,b.unitName,c.name as sname FROM ci_invoice_info a INNER JOIN ci_goods b ON a.invId=b.id INNER JOIN ci_storage c ON b.locationId=c.id  WHERE a.billNo = 'XS202009202053388'  [ RunTime:0.0002s ]
SQL: SELECT a.amount,a.price,a.qty,b.name,b.number,b.unitName,c.name as sname FROM ci_invoice_info a INNER JOIN ci_goods b ON a.invId=b.id INNER JOIN ci_storage c ON b.locationId=c.id  WHERE a.billNo = 'XS202009202025429'  [ RunTime:0.0002s ]
SQL: SELECT a.amount,a.price,a.qty,b.name,b.number,b.unitName,c.name as sname FROM ci_invoice_info a INNER JOIN ci_goods b ON a.invId=b.id INNER JOIN ci_storage c ON b.locationId=c.id  WHERE a.billNo = 'XS202009202018379'  [ RunTime:0.0002s ]
SQL: SELECT a.amount,a.price,a.qty,b.name,b.number,b.unitName,c.name as sname FROM ci_invoice_info a INNER JOIN ci_goods b ON a.invId=b.id INNER JOIN ci_storage c ON b.locationId=c.id  WHERE a.billNo = 'XS202009202003210'  [ RunTime:0.0002s ]
SQL: SELECT a.amount,a.price,a.qty,b.name,b.number,b.unitName,c.name as sname FROM ci_invoice_info a INNER JOIN ci_goods b ON a.invId=b.id INNER JOIN ci_storage c ON b.locationId=c.id  WHERE a.billNo = 'XS202009201940333'  [ RunTime:0.0002s ]
SQL: SELECT a.amount,a.price,a.qty,b.name,b.number,b.unitName,c.name as sname FROM ci_invoice_info a INNER JOIN ci_goods b ON a.invId=b.id INNER JOIN ci_storage c ON b.locationId=c.id  WHERE a.billNo = 'XS201511070859106'  [ RunTime:0.0002s ]
SQL: SELECT a.amount,a.price,a.qty,b.name,b.number,b.unitName,c.name as sname FROM ci_invoice_info a INNER JOIN ci_goods b ON a.invId=b.id INNER JOIN ci_storage c ON b.locationId=c.id  WHERE a.billNo = 'QTCK201510211027058'  [ RunTime:0.0002s ]
SQL: SELECT a.amount,a.price,a.qty,b.name,b.number,b.unitName,c.name as sname FROM ci_invoice_info a INNER JOIN ci_goods b ON a.invId=b.id INNER JOIN ci_storage c ON b.locationId=c.id  WHERE a.billNo = 'XS201510211000450'  [ RunTime:0.0002s ]
INFO: [ view_parse ] --START--
INFO: [ template_filter ] --START--
INFO: Run Behavior\ContentReplaceBehavior [ RunTime:0.000034s ]
INFO: [ template_filter ] --END-- [ RunTime:0.000063s ]
INFO: Run Behavior\ParseTemplateBehavior [ RunTime:0.009042s ]
INFO: [ view_parse ] --END-- [ RunTime:0.009065s ]
INFO: [ view_filter ] --START--
INFO: Run Behavior\WriteHtmlCacheBehavior [ RunTime:0.000722s ]
INFO: [ view_filter ] --END-- [ RunTime:0.000743s ]
INFO: [ app_end ] --START--
INFO: Run Behavior\ShowPageTraceBehavior [ RunTime:0.000905s ]
INFO: [ app_end ] --END-- [ RunTime:0.000957s ]

[ 2020-10-10T16:54:04+08:00 ] 180.163.220.3 /chaxun/
INFO: [ app_init ] --START--
INFO: Run Behavior\BuildLiteBehavior [ RunTime:0.000006s ]
INFO: [ app_init ] --END-- [ RunTime:0.000166s ]
INFO: [ app_begin ] --START--
INFO: Run Behavior\ReadHtmlCacheBehavior [ RunTime:0.000240s ]
INFO: [ app_begin ] --END-- [ RunTime:0.000262s ]
INFO: [ view_parse ] --START--
INFO: [ template_filter ] --START--
INFO: Run Behavior\ContentReplaceBehavior [ RunTime:0.000018s ]
INFO: [ template_filter ] --END-- [ RunTime:0.000039s ]
NOTIC: [8] Undefined variable: contact /www/wwwroot/e.gsnklz.com/chaxun/Runtime/Cache/Home/2a94b8bda04ff446dcedd42276fc99ee.php 第 17 行.
NOTIC: [8] Undefined variable: contact /www/wwwroot/e.gsnklz.com/chaxun/Runtime/Cache/Home/2a94b8bda04ff446dcedd42276fc99ee.php 第 17 行.
INFO: Run Behavior\ParseTemplateBehavior [ RunTime:0.006102s ]
INFO: [ view_parse ] --END-- [ RunTime:0.006124s ]
INFO: [ view_filter ] --START--
INFO: Run Behavior\WriteHtmlCacheBehavior [ RunTime:0.000104s ]
INFO: [ view_filter ] --END-- [ RunTime:0.000122s ]
INFO: [ app_end ] --START--
INFO: Run Behavior\ShowPageTraceBehavior [ RunTime:0.000263s ]
INFO: [ app_end ] --END-- [ RunTime:0.000281s ]

[ 2020-10-10T16:56:49+08:00 ] 117.23.112.245 /chaxun/?mobile=13088900296
INFO: [ app_init ] --START--
INFO: Run Behavior\BuildLiteBehavior [ RunTime:0.000006s ]
INFO: [ app_init ] --END-- [ RunTime:0.000164s ]
INFO: [ app_begin ] --START--
INFO: Run Behavior\ReadHtmlCacheBehavior [ RunTime:0.000241s ]
INFO: [ app_begin ] --END-- [ RunTime:0.000262s ]
ERR: SQLSTATE[HY000] [2002] No route to host

[ 2020-10-10T16:57:19+08:00 ] 117.23.112.245 /chaxun/?mobile=13088900296
INFO: [ app_init ] --START--
INFO: Run Behavior\BuildLiteBehavior [ RunTime:0.000005s ]
INFO: [ app_init ] --END-- [ RunTime:0.000162s ]
INFO: [ app_begin ] --START--
INFO: Run Behavior\ReadHtmlCacheBehavior [ RunTime:0.000218s ]
INFO: [ app_begin ] --END-- [ RunTime:0.000239s ]
SQL: SHOW COLUMNS FROM `ci_contact` [ RunTime:0.0012s ]
SQL: SELECT `id`,`name`,`number` FROM `ci_contact` WHERE `number` = '13088900296' LIMIT 1   [ RunTime:0.0002s ]
SQL: SHOW COLUMNS FROM `ci_invoice` [ RunTime:0.0006s ]
SQL: SELECT a.buId,a.billDate,a.billNo,a.rpAmount FROM ci_invoice a WHERE a.buId = '2' ORDER BY a.billDate desc  [ RunTime:0.0002s ]
SQL: SHOW COLUMNS FROM `ci_invoice_info` [ RunTime:0.0004s ]
SQL: SELECT a.amount,a.price,a.qty,b.name,b.number,b.unitName,c.name as sname FROM ci_invoice_info a INNER JOIN ci_goods b ON a.invId=b.id INNER JOIN ci_storage c ON b.locationId=c.id  WHERE a.billNo = 'XS202010101653092'  [ RunTime:0.0002s ]
SQL: SELECT a.amount,a.price,a.qty,b.name,b.number,b.unitName,c.name as sname FROM ci_invoice_info a INNER JOIN ci_goods b ON a.invId=b.id INNER JOIN ci_storage c ON b.locationId=c.id  WHERE a.billNo = 'XS202009280929261'  [ RunTime:0.0006s ]
SQL: SELECT a.amount,a.price,a.qty,b.name,b.number,b.unitName,c.name as sname FROM ci_invoice_info a INNER JOIN ci_goods b ON a.invId=b.id INNER JOIN ci_storage c ON b.locationId=c.id  WHERE a.billNo = 'XS202009270924418'  [ RunTime:0.0003s ]
SQL: SELECT a.amount,a.price,a.qty,b.name,b.number,b.unitName,c.name as sname FROM ci_invoice_info a INNER JOIN ci_goods b ON a.invId=b.id INNER JOIN ci_storage c ON b.locationId=c.id  WHERE a.billNo = 'XS202009261842371'  [ RunTime:0.0003s ]
SQL: SELECT a.amount,a.price,a.qty,b.name,b.number,b.unitName,c.name as sname FROM ci_invoice_info a INNER JOIN ci_goods b ON a.invId=b.id INNER JOIN ci_storage c ON b.locationId=c.id  WHERE a.billNo = 'XS202009261813232'  [ RunTime:0.0003s ]
SQL: SELECT a.amount,a.price,a.qty,b.name,b.number,b.unitName,c.name as sname FROM ci_invoice_info a INNER JOIN ci_goods b ON a.invId=b.id INNER JOIN ci_storage c ON b.locationId=c.id  WHERE a.billNo = 'XS202009202131205'  [ RunTime:0.0003s ]
SQL: SELECT a.amount,a.price,a.qty,b.name,b.number,b.unitName,c.name as sname FROM ci_invoice_info a INNER JOIN ci_goods b ON a.invId=b.id INNER JOIN ci_storage c ON b.locationId=c.id  WHERE a.billNo = 'XS202009202128305'  [ RunTime:0.0002s ]
SQL: SELECT a.amount,a.price,a.qty,b.name,b.number,b.unitName,c.name as sname FROM ci_invoice_info a INNER JOIN ci_goods b ON a.invId=b.id INNER JOIN ci_storage c ON b.locationId=c.id  WHERE a.billNo = 'XS202009202123311'  [ RunTime:0.0002s ]
SQL: SELECT a.amount,a.price,a.qty,b.name,b.number,b.unitName,c.name as sname FROM ci_invoice_info a INNER JOIN ci_goods b ON a.invId=b.id INNER JOIN ci_storage c ON b.locationId=c.id  WHERE a.billNo = 'XS202009202109404'  [ RunTime:0.0003s ]
SQL: SELECT a.amount,a.price,a.qty,b.name,b.number,b.unitName,c.name as sname FROM ci_invoice_info a INNER JOIN ci_goods b ON a.invId=b.id INNER JOIN ci_storage c ON b.locationId=c.id  WHERE a.billNo = 'XS202009202108341'  [ RunTime:0.0003s ]
SQL: SELECT a.amount,a.price,a.qty,b.name,b.number,b.unitName,c.name as sname FROM ci_invoice_info a INNER JOIN ci_goods b ON a.invId=b.id INNER JOIN ci_storage c ON b.locationId=c.id  WHERE a.billNo = 'XS202009202107263'  [ RunTime:0.0002s ]
SQL: SELECT a.amount,a.price,a.qty,b.name,b.number,b.unitName,c.name as sname FROM ci_invoice_info a INNER JOIN ci_goods b ON a.invId=b.id INNER JOIN ci_storage c ON b.locationId=c.id  WHERE a.billNo = 'XS202009202053388'  [ RunTime:0.0003s ]
SQL: SELECT a.amount,a.price,a.qty,b.name,b.number,b.unitName,c.name as sname FROM ci_invoice_info a INNER JOIN ci_goods b ON a.invId=b.id INNER JOIN ci_storage c ON b.locationId=c.id  WHERE a.billNo = 'XS202009202025429'  [ RunTime:0.0002s ]
SQL: SELECT a.amount,a.price,a.qty,b.name,b.number,b.unitName,c.name as sname FROM ci_invoice_info a INNER JOIN ci_goods b ON a.invId=b.id INNER JOIN ci_storage c ON b.locationId=c.id  WHERE a.billNo = 'XS202009202018379'  [ RunTime:0.0002s ]
SQL: SELECT a.amount,a.price,a.qty,b.name,b.number,b.unitName,c.name as sname FROM ci_invoice_info a INNER JOIN ci_goods b ON a.invId=b.id INNER JOIN ci_storage c ON b.locationId=c.id  WHERE a.billNo = 'XS202009202003210'  [ RunTime:0.0002s ]
SQL: SELECT a.amount,a.price,a.qty,b.name,b.number,b.unitName,c.name as sname FROM ci_invoice_info a INNER JOIN ci_goods b ON a.invId=b.id INNER JOIN ci_storage c ON b.locationId=c.id  WHERE a.billNo = 'XS202009201940333'  [ RunTime:0.0002s ]
SQL: SELECT a.amount,a.price,a.qty,b.name,b.number,b.unitName,c.name as sname FROM ci_invoice_info a INNER JOIN ci_goods b ON a.invId=b.id INNER JOIN ci_storage c ON b.locationId=c.id  WHERE a.billNo = 'XS201511070859106'  [ RunTime:0.0002s ]
SQL: SELECT a.amount,a.price,a.qty,b.name,b.number,b.unitName,c.name as sname FROM ci_invoice_info a INNER JOIN ci_goods b ON a.invId=b.id INNER JOIN ci_storage c ON b.locationId=c.id  WHERE a.billNo = 'QTCK201510211027058'  [ RunTime:0.0002s ]
SQL: SELECT a.amount,a.price,a.qty,b.name,b.number,b.unitName,c.name as sname FROM ci_invoice_info a INNER JOIN ci_goods b ON a.invId=b.id INNER JOIN ci_storage c ON b.locationId=c.id  WHERE a.billNo = 'XS201510211000450'  [ RunTime:0.0002s ]
INFO: [ view_parse ] --START--
INFO: [ template_filter ] --START--
INFO: Run Behavior\ContentReplaceBehavior [ RunTime:0.000021s ]
INFO: [ template_filter ] --END-- [ RunTime:0.000045s ]
INFO: Run Behavior\ParseTemplateBehavior [ RunTime:0.005381s ]
INFO: [ view_parse ] --END-- [ RunTime:0.005406s ]
INFO: [ view_filter ] --START--
INFO: Run Behavior\WriteHtmlCacheBehavior [ RunTime:0.000117s ]
INFO: [ view_filter ] --END-- [ RunTime:0.000134s ]
INFO: [ app_end ] --START--
INFO: Run Behavior\ShowPageTraceBehavior [ RunTime:0.000247s ]
INFO: [ app_end ] --END-- [ RunTime:0.000266s ]

[ 2020-10-10T17:00:28+08:00 ] 117.23.112.245 /chaxun/?mobile=13088900296
INFO: [ app_init ] --START--
INFO: Run Behavior\BuildLiteBehavior [ RunTime:0.000005s ]
INFO: [ app_init ] --END-- [ RunTime:0.000162s ]
INFO: [ app_begin ] --START--
INFO: Run Behavior\ReadHtmlCacheBehavior [ RunTime:0.000219s ]
INFO: [ app_begin ] --END-- [ RunTime:0.000241s ]
SQL: SHOW COLUMNS FROM `ci_contact` [ RunTime:0.0010s ]
SQL: SELECT `id`,`name`,`number` FROM `ci_contact` WHERE `number` = '13088900296' LIMIT 1   [ RunTime:0.0003s ]
SQL: SHOW COLUMNS FROM `ci_invoice` [ RunTime:0.0016s ]
SQL: SELECT a.buId,a.billDate,a.billNo,a.rpAmount FROM ci_invoice a WHERE a.buId = '2' ORDER BY a.billDate desc  [ RunTime:0.0004s ]
SQL: SHOW COLUMNS FROM `ci_invoice_info` [ RunTime:0.0004s ]
SQL: SELECT a.amount,a.price,a.qty,b.name,b.number,b.unitName,c.name as sname FROM ci_invoice_info a INNER JOIN ci_goods b ON a.invId=b.id INNER JOIN ci_storage c ON b.locationId=c.id  WHERE a.billNo = 'XS202010101653092'  [ RunTime:0.0003s ]
SQL: SELECT a.amount,a.price,a.qty,b.name,b.number,b.unitName,c.name as sname FROM ci_invoice_info a INNER JOIN ci_goods b ON a.invId=b.id INNER JOIN ci_storage c ON b.locationId=c.id  WHERE a.billNo = 'XS202009280929261'  [ RunTime:0.0013s ]
SQL: SELECT a.amount,a.price,a.qty,b.name,b.number,b.unitName,c.name as sname FROM ci_invoice_info a INNER JOIN ci_goods b ON a.invId=b.id INNER JOIN ci_storage c ON b.locationId=c.id  WHERE a.billNo = 'XS202009270924418'  [ RunTime:0.0009s ]
SQL: SELECT a.amount,a.price,a.qty,b.name,b.number,b.unitName,c.name as sname FROM ci_invoice_info a INNER JOIN ci_goods b ON a.invId=b.id INNER JOIN ci_storage c ON b.locationId=c.id  WHERE a.billNo = 'XS202009261842371'  [ RunTime:0.0002s ]
SQL: SELECT a.amount,a.price,a.qty,b.name,b.number,b.unitName,c.name as sname FROM ci_invoice_info a INNER JOIN ci_goods b ON a.invId=b.id INNER JOIN ci_storage c ON b.locationId=c.id  WHERE a.billNo = 'XS202009261813232'  [ RunTime:0.0008s ]
SQL: SELECT a.amount,a.price,a.qty,b.name,b.number,b.unitName,c.name as sname FROM ci_invoice_info a INNER JOIN ci_goods b ON a.invId=b.id INNER JOIN ci_storage c ON b.locationId=c.id  WHERE a.billNo = 'XS202009202131205'  [ RunTime:0.0002s ]
SQL: SELECT a.amount,a.price,a.qty,b.name,b.number,b.unitName,c.name as sname FROM ci_invoice_info a INNER JOIN ci_goods b ON a.invId=b.id INNER JOIN ci_storage c ON b.locationId=c.id  WHERE a.billNo = 'XS202009202128305'  [ RunTime:0.0002s ]
SQL: SELECT a.amount,a.price,a.qty,b.name,b.number,b.unitName,c.name as sname FROM ci_invoice_info a INNER JOIN ci_goods b ON a.invId=b.id INNER JOIN ci_storage c ON b.locationId=c.id  WHERE a.billNo = 'XS202009202123311'  [ RunTime:0.0002s ]
SQL: SELECT a.amount,a.price,a.qty,b.name,b.number,b.unitName,c.name as sname FROM ci_invoice_info a INNER JOIN ci_goods b ON a.invId=b.id INNER JOIN ci_storage c ON b.locationId=c.id  WHERE a.billNo = 'XS202009202109404'  [ RunTime:0.0002s ]
SQL: SELECT a.amount,a.price,a.qty,b.name,b.number,b.unitName,c.name as sname FROM ci_invoice_info a INNER JOIN ci_goods b ON a.invId=b.id INNER JOIN ci_storage c ON b.locationId=c.id  WHERE a.billNo = 'XS202009202108341'  [ RunTime:0.0002s ]
SQL: SELECT a.amount,a.price,a.qty,b.name,b.number,b.unitName,c.name as sname FROM ci_invoice_info a INNER JOIN ci_goods b ON a.invId=b.id INNER JOIN ci_storage c ON b.locationId=c.id  WHERE a.billNo = 'XS202009202107263'  [ RunTime:0.0003s ]
SQL: SELECT a.amount,a.price,a.qty,b.name,b.number,b.unitName,c.name as sname FROM ci_invoice_info a INNER JOIN ci_goods b ON a.invId=b.id INNER JOIN ci_storage c ON b.locationId=c.id  WHERE a.billNo = 'XS202009202053388'  [ RunTime:0.0002s ]
SQL: SELECT a.amount,a.price,a.qty,b.name,b.number,b.unitName,c.name as sname FROM ci_invoice_info a INNER JOIN ci_goods b ON a.invId=b.id INNER JOIN ci_storage c ON b.locationId=c.id  WHERE a.billNo = 'XS202009202025429'  [ RunTime:0.0002s ]
SQL: SELECT a.amount,a.price,a.qty,b.name,b.number,b.unitName,c.name as sname FROM ci_invoice_info a INNER JOIN ci_goods b ON a.invId=b.id INNER JOIN ci_storage c ON b.locationId=c.id  WHERE a.billNo = 'XS202009202018379'  [ RunTime:0.0003s ]
SQL: SELECT a.amount,a.price,a.qty,b.name,b.number,b.unitName,c.name as sname FROM ci_invoice_info a INNER JOIN ci_goods b ON a.invId=b.id INNER JOIN ci_storage c ON b.locationId=c.id  WHERE a.billNo = 'XS202009202003210'  [ RunTime:0.0002s ]
SQL: SELECT a.amount,a.price,a.qty,b.name,b.number,b.unitName,c.name as sname FROM ci_invoice_info a INNER JOIN ci_goods b ON a.invId=b.id INNER JOIN ci_storage c ON b.locationId=c.id  WHERE a.billNo = 'XS202009201940333'  [ RunTime:0.0002s ]
SQL: SELECT a.amount,a.price,a.qty,b.name,b.number,b.unitName,c.name as sname FROM ci_invoice_info a INNER JOIN ci_goods b ON a.invId=b.id INNER JOIN ci_storage c ON b.locationId=c.id  WHERE a.billNo = 'XS201511070859106'  [ RunTime:0.0003s ]
SQL: SELECT a.amount,a.price,a.qty,b.name,b.number,b.unitName,c.name as sname FROM ci_invoice_info a INNER JOIN ci_goods b ON a.invId=b.id INNER JOIN ci_storage c ON b.locationId=c.id  WHERE a.billNo = 'QTCK201510211027058'  [ RunTime:0.0002s ]
SQL: SELECT a.amount,a.price,a.qty,b.name,b.number,b.unitName,c.name as sname FROM ci_invoice_info a INNER JOIN ci_goods b ON a.invId=b.id INNER JOIN ci_storage c ON b.locationId=c.id  WHERE a.billNo = 'XS201510211000450'  [ RunTime:0.0013s ]
INFO: [ view_parse ] --START--
INFO: [ template_filter ] --START--
INFO: Run Behavior\ContentReplaceBehavior [ RunTime:0.000023s ]
INFO: [ template_filter ] --END-- [ RunTime:0.000057s ]
INFO: Run Behavior\ParseTemplateBehavior [ RunTime:0.012575s ]
INFO: [ view_parse ] --END-- [ RunTime:0.012605s ]
INFO: [ view_filter ] --START--
INFO: Run Behavior\WriteHtmlCacheBehavior [ RunTime:0.000118s ]
INFO: [ view_filter ] --END-- [ RunTime:0.000134s ]
INFO: [ app_end ] --START--
INFO: Run Behavior\ShowPageTraceBehavior [ RunTime:0.000293s ]
INFO: [ app_end ] --END-- [ RunTime:0.000325s ]

[ 2020-10-10T17:21:23+08:00 ] 117.23.112.245 /chaxun/?mobile=12222
INFO: [ app_init ] --START--
INFO: Run Behavior\BuildLiteBehavior [ RunTime:0.000007s ]
INFO: [ app_init ] --END-- [ RunTime:0.000171s ]
INFO: [ app_begin ] --START--
INFO: Run Behavior\ReadHtmlCacheBehavior [ RunTime:0.000242s ]
INFO: [ app_begin ] --END-- [ RunTime:0.000263s ]
SQL: SHOW COLUMNS FROM `ci_contact` [ RunTime:0.0010s ]
SQL: SELECT `id`,`name`,`number` FROM `ci_contact` WHERE `number` = '12222' LIMIT 1   [ RunTime:0.0013s ]
INFO: [ view_parse ] --START--
INFO: [ template_filter ] --START--
INFO: Run Behavior\ContentReplaceBehavior [ RunTime:0.000017s ]
INFO: [ template_filter ] --END-- [ RunTime:0.000041s ]
INFO: Run Behavior\ParseTemplateBehavior [ RunTime:0.006955s ]
INFO: [ view_parse ] --END-- [ RunTime:0.006980s ]
INFO: [ view_filter ] --START--
INFO: Run Behavior\WriteHtmlCacheBehavior [ RunTime:0.000098s ]
INFO: [ view_filter ] --END-- [ RunTime:0.000114s ]

