[ 2020-06-16T14:54:06+08:00 ] ::1 /chongzhi/admin.php/Index/index.html
INFO: [ app_init ] --START--
INFO: Run Behavior\BuildLiteBehavior [ RunTime:0.000020s ]
INFO: [ app_init ] --END-- [ RunTime:0.000708s ]
INFO: [ app_begin ] --START--
INFO: Run Behavior\ReadHtmlCacheBehavior [ RunTime:0.000819s ]
INFO: [ app_begin ] --END-- [ RunTime:0.000905s ]
SQL: SHOW COLUMNS FROM `db_card` [ RunTime:0.0005s ]
NOTIC: [8] Undefined index: use D:\wamp\www\chongzhi\Application\Admin\Controller\IndexController.class.php 第 26 行.
SQL: SELECT COUNT(*) AS tp_count FROM `db_card` LIMIT 1   [ RunTime:0.0002s ]
SQL: SELECT * FROM `db_card` ORDER BY id desc LIMIT 0,10   [ RunTime:0.0003s ]
INFO: [ view_parse ] --START--
INFO: [ template_filter ] --START--
INFO: Run Behavior\ContentReplaceBehavior [ RunTime:0.000054s ]
INFO: [ template_filter ] --END-- [ RunTime:0.000119s ]
INFO: Run Behavior\ParseTemplateBehavior [ RunTime:0.007708s ]
INFO: [ view_parse ] --END-- [ RunTime:0.007774s ]
INFO: [ view_filter ] --START--
INFO: Run Behavior\WriteHtmlCacheBehavior [ RunTime:0.000850s ]
INFO: [ view_filter ] --END-- [ RunTime:0.000913s ]
INFO: [ app_end ] --START--
INFO: Run Behavior\ShowPageTraceBehavior [ RunTime:0.001201s ]
INFO: [ app_end ] --END-- [ RunTime:0.001268s ]

[ 2020-06-16T14:54:07+08:00 ] ::1 /chongzhi/admin.php/Index/index.html
INFO: [ app_init ] --START--
INFO: Run Behavior\BuildLiteBehavior [ RunTime:0.000023s ]
INFO: [ app_init ] --END-- [ RunTime:0.000735s ]
INFO: [ app_begin ] --START--
INFO: Run Behavior\ReadHtmlCacheBehavior [ RunTime:0.001019s ]
INFO: [ app_begin ] --END-- [ RunTime:0.001112s ]
SQL: SHOW COLUMNS FROM `db_card` [ RunTime:0.0007s ]
NOTIC: [8] Undefined index: use D:\wamp\www\chongzhi\Application\Admin\Controller\IndexController.class.php 第 26 行.
SQL: SELECT COUNT(*) AS tp_count FROM `db_card` LIMIT 1   [ RunTime:0.0003s ]
SQL: SELECT * FROM `db_card` ORDER BY id desc LIMIT 0,10   [ RunTime:0.0004s ]
INFO: [ view_parse ] --START--
INFO: [ template_filter ] --START--
INFO: Run Behavior\ContentReplaceBehavior [ RunTime:0.000079s ]
INFO: [ template_filter ] --END-- [ RunTime:0.000171s ]
INFO: Run Behavior\ParseTemplateBehavior [ RunTime:0.010453s ]
INFO: [ view_parse ] --END-- [ RunTime:0.010558s ]
INFO: [ view_filter ] --START--
INFO: Run Behavior\WriteHtmlCacheBehavior [ RunTime:0.000818s ]
INFO: [ view_filter ] --END-- [ RunTime:0.000910s ]
INFO: [ app_end ] --START--
INFO: Run Behavior\ShowPageTraceBehavior [ RunTime:0.001035s ]
INFO: [ app_end ] --END-- [ RunTime:0.001130s ]

[ 2020-06-16T14:54:07+08:00 ] ::1 /chongzhi/admin.php/Index/index.html
INFO: [ app_init ] --START--
INFO: Run Behavior\BuildLiteBehavior [ RunTime:0.000017s ]
INFO: [ app_init ] --END-- [ RunTime:0.000538s ]
INFO: [ app_begin ] --START--
INFO: Run Behavior\ReadHtmlCacheBehavior [ RunTime:0.001062s ]
INFO: [ app_begin ] --END-- [ RunTime:0.001147s ]
SQL: SHOW COLUMNS FROM `db_card` [ RunTime:0.0006s ]
NOTIC: [8] Undefined index: use D:\wamp\www\chongzhi\Application\Admin\Controller\IndexController.class.php 第 26 行.
SQL: SELECT COUNT(*) AS tp_count FROM `db_card` LIMIT 1   [ RunTime:0.0002s ]
SQL: SELECT * FROM `db_card` ORDER BY id desc LIMIT 0,10   [ RunTime:0.0003s ]
INFO: [ view_parse ] --START--
INFO: [ template_filter ] --START--
INFO: Run Behavior\ContentReplaceBehavior [ RunTime:0.000051s ]
INFO: [ template_filter ] --END-- [ RunTime:0.000112s ]
INFO: Run Behavior\ParseTemplateBehavior [ RunTime:0.007160s ]
INFO: [ view_parse ] --END-- [ RunTime:0.007223s ]
INFO: [ view_filter ] --START--
INFO: Run Behavior\WriteHtmlCacheBehavior [ RunTime:0.000550s ]
INFO: [ view_filter ] --END-- [ RunTime:0.000609s ]
INFO: [ app_end ] --START--
INFO: Run Behavior\ShowPageTraceBehavior [ RunTime:0.000865s ]
INFO: [ app_end ] --END-- [ RunTime:0.000943s ]

[ 2020-06-16T14:54:08+08:00 ] ::1 /chongzhi/admin.php/Index/index.html
INFO: [ app_init ] --START--
INFO: Run Behavior\BuildLiteBehavior [ RunTime:0.000015s ]
INFO: [ app_init ] --END-- [ RunTime:0.000447s ]
INFO: [ app_begin ] --START--
INFO: Run Behavior\ReadHtmlCacheBehavior [ RunTime:0.000782s ]
INFO: [ app_begin ] --END-- [ RunTime:0.000854s ]
SQL: SHOW COLUMNS FROM `db_card` [ RunTime:0.0004s ]
NOTIC: [8] Undefined index: use D:\wamp\www\chongzhi\Application\Admin\Controller\IndexController.class.php 第 26 行.
SQL: SELECT COUNT(*) AS tp_count FROM `db_card` LIMIT 1   [ RunTime:0.0001s ]
SQL: SELECT * FROM `db_card` ORDER BY id desc LIMIT 0,10   [ RunTime:0.0002s ]
INFO: [ view_parse ] --START--
INFO: [ template_filter ] --START--
INFO: Run Behavior\ContentReplaceBehavior [ RunTime:0.000056s ]
INFO: [ template_filter ] --END-- [ RunTime:0.000123s ]
INFO: Run Behavior\ParseTemplateBehavior [ RunTime:0.007600s ]
INFO: [ view_parse ] --END-- [ RunTime:0.007665s ]
INFO: [ view_filter ] --START--
INFO: Run Behavior\WriteHtmlCacheBehavior [ RunTime:0.000489s ]
INFO: [ view_filter ] --END-- [ RunTime:0.000550s ]
INFO: [ app_end ] --START--
INFO: Run Behavior\ShowPageTraceBehavior [ RunTime:0.000779s ]
INFO: [ app_end ] --END-- [ RunTime:0.000846s ]

[ 2020-06-16T14:54:08+08:00 ] ::1 /chongzhi/admin.php/Index/index.html
INFO: [ app_init ] --START--
INFO: Run Behavior\BuildLiteBehavior [ RunTime:0.000015s ]
INFO: [ app_init ] --END-- [ RunTime:0.000374s ]
INFO: [ app_begin ] --START--
INFO: Run Behavior\ReadHtmlCacheBehavior [ RunTime:0.000519s ]
INFO: [ app_begin ] --END-- [ RunTime:0.000583s ]
SQL: SHOW COLUMNS FROM `db_card` [ RunTime:0.0004s ]
NOTIC: [8] Undefined index: use D:\wamp\www\chongzhi\Application\Admin\Controller\IndexController.class.php 第 26 行.
SQL: SELECT COUNT(*) AS tp_count FROM `db_card` LIMIT 1   [ RunTime:0.0001s ]
SQL: SELECT * FROM `db_card` ORDER BY id desc LIMIT 0,10   [ RunTime:0.0002s ]
INFO: [ view_parse ] --START--
INFO: [ template_filter ] --START--
INFO: Run Behavior\ContentReplaceBehavior [ RunTime:0.000055s ]
INFO: [ template_filter ] --END-- [ RunTime:0.000120s ]
INFO: Run Behavior\ParseTemplateBehavior [ RunTime:0.006450s ]
INFO: [ view_parse ] --END-- [ RunTime:0.006527s ]
INFO: [ view_filter ] --START--
INFO: Run Behavior\WriteHtmlCacheBehavior [ RunTime:0.000454s ]
INFO: [ view_filter ] --END-- [ RunTime:0.000512s ]
INFO: [ app_end ] --START--
INFO: Run Behavior\ShowPageTraceBehavior [ RunTime:0.000933s ]
INFO: [ app_end ] --END-- [ RunTime:0.001017s ]

[ 2020-06-16T14:54:08+08:00 ] ::1 /chongzhi/admin.php/Index/index.html
INFO: [ app_init ] --START--
INFO: Run Behavior\BuildLiteBehavior [ RunTime:0.000015s ]
INFO: [ app_init ] --END-- [ RunTime:0.000380s ]
INFO: [ app_begin ] --START--
INFO: Run Behavior\ReadHtmlCacheBehavior [ RunTime:0.000553s ]
INFO: [ app_begin ] --END-- [ RunTime:0.000613s ]
SQL: SHOW COLUMNS FROM `db_card` [ RunTime:0.0004s ]
NOTIC: [8] Undefined index: use D:\wamp\www\chongzhi\Application\Admin\Controller\IndexController.class.php 第 26 行.
SQL: SELECT COUNT(*) AS tp_count FROM `db_card` LIMIT 1   [ RunTime:0.0002s ]
SQL: SELECT * FROM `db_card` ORDER BY id desc LIMIT 0,10   [ RunTime:0.0003s ]
INFO: [ view_parse ] --START--
INFO: [ template_filter ] --START--
INFO: Run Behavior\ContentReplaceBehavior [ RunTime:0.000052s ]
INFO: [ template_filter ] --END-- [ RunTime:0.000112s ]
INFO: Run Behavior\ParseTemplateBehavior [ RunTime:0.006646s ]
INFO: [ view_parse ] --END-- [ RunTime:0.006752s ]
INFO: [ view_filter ] --START--
INFO: Run Behavior\WriteHtmlCacheBehavior [ RunTime:0.000713s ]
INFO: [ view_filter ] --END-- [ RunTime:0.000803s ]
INFO: [ app_end ] --START--
INFO: Run Behavior\ShowPageTraceBehavior [ RunTime:0.001050s ]
INFO: [ app_end ] --END-- [ RunTime:0.001124s ]

[ 2020-06-16T14:54:22+08:00 ] ::1 /chongzhi/admin.php/Index/add
INFO: [ app_init ] --START--
INFO: Run Behavior\BuildLiteBehavior [ RunTime:0.000017s ]
INFO: [ app_init ] --END-- [ RunTime:0.000525s ]
INFO: [ app_begin ] --START--
INFO: Run Behavior\ReadHtmlCacheBehavior [ RunTime:0.000762s ]
INFO: [ app_begin ] --END-- [ RunTime:0.000839s ]
SQL: SHOW COLUMNS FROM `db_card` [ RunTime:0.0005s ]
SQL: SELECT COUNT(*) AS tp_count FROM `db_card` LIMIT 1   [ RunTime:0.0002s ]
SQL: INSERT INTO `db_card` (`account`,`pwd`,`amount`,`isuse`) VALUES ('abb00011','99252874','10','0') [ RunTime:0.0002s ]
SQL: INSERT INTO `db_card` (`account`,`pwd`,`amount`,`isuse`) VALUES ('abb00012','89141243','10','0') [ RunTime:0.0002s ]
SQL: INSERT INTO `db_card` (`account`,`pwd`,`amount`,`isuse`) VALUES ('abb00013','96877311','10','0') [ RunTime:0.0002s ]
SQL: INSERT INTO `db_card` (`account`,`pwd`,`amount`,`isuse`) VALUES ('abb00014','72351338','10','0') [ RunTime:0.0003s ]
SQL: INSERT INTO `db_card` (`account`,`pwd`,`amount`,`isuse`) VALUES ('abb00015','44819439','10','0') [ RunTime:0.0003s ]
SQL: INSERT INTO `db_card` (`account`,`pwd`,`amount`,`isuse`) VALUES ('abb00016','49766688','10','0') [ RunTime:0.0002s ]
SQL: INSERT INTO `db_card` (`account`,`pwd`,`amount`,`isuse`) VALUES ('abb00017','66935642','10','0') [ RunTime:0.0002s ]
SQL: INSERT INTO `db_card` (`account`,`pwd`,`amount`,`isuse`) VALUES ('abb00018','36975455','10','0') [ RunTime:0.0002s ]
SQL: INSERT INTO `db_card` (`account`,`pwd`,`amount`,`isuse`) VALUES ('abb00019','98836791','10','0') [ RunTime:0.0002s ]
SQL: INSERT INTO `db_card` (`account`,`pwd`,`amount`,`isuse`) VALUES ('abb00020','32168225','10','0') [ RunTime:0.0003s ]
INFO: [ view_parse ] --START--
INFO: [ template_filter ] --START--
INFO: Run Behavior\ContentReplaceBehavior [ RunTime:0.000044s ]
INFO: [ template_filter ] --END-- [ RunTime:0.000106s ]
INFO: Run Behavior\ParseTemplateBehavior [ RunTime:0.005441s ]
INFO: [ view_parse ] --END-- [ RunTime:0.005505s ]
INFO: [ view_filter ] --START--
INFO: Run Behavior\WriteHtmlCacheBehavior [ RunTime:0.000494s ]
INFO: [ view_filter ] --END-- [ RunTime:0.000553s ]
INFO: [ app_end ] --START--
INFO: Run Behavior\ShowPageTraceBehavior [ RunTime:0.000644s ]
INFO: [ app_end ] --END-- [ RunTime:0.000703s ]

[ 2020-06-16T14:54:23+08:00 ] ::1 /chongzhi/admin.php/Index/index.html
INFO: [ app_init ] --START--
INFO: Run Behavior\BuildLiteBehavior [ RunTime:0.000067s ]
INFO: [ app_init ] --END-- [ RunTime:0.000958s ]
INFO: [ app_begin ] --START--
INFO: Run Behavior\ReadHtmlCacheBehavior [ RunTime:0.001114s ]
INFO: [ app_begin ] --END-- [ RunTime:0.001231s ]
SQL: SHOW COLUMNS FROM `db_card` [ RunTime:0.0008s ]
NOTIC: [8] Undefined index: use D:\wamp\www\chongzhi\Application\Admin\Controller\IndexController.class.php 第 26 行.
SQL: SELECT COUNT(*) AS tp_count FROM `db_card` LIMIT 1   [ RunTime:0.0003s ]
SQL: SELECT * FROM `db_card` ORDER BY id desc LIMIT 0,10   [ RunTime:0.0005s ]
INFO: [ view_parse ] --START--
INFO: [ template_filter ] --START--
INFO: Run Behavior\ContentReplaceBehavior [ RunTime:0.000096s ]
INFO: [ template_filter ] --END-- [ RunTime:0.000212s ]
INFO: Run Behavior\ParseTemplateBehavior [ RunTime:0.012530s ]
INFO: [ view_parse ] --END-- [ RunTime:0.012645s ]
INFO: [ view_filter ] --START--
INFO: Run Behavior\WriteHtmlCacheBehavior [ RunTime:0.000864s ]
INFO: [ view_filter ] --END-- [ RunTime:0.000976s ]
INFO: [ app_end ] --START--
INFO: Run Behavior\ShowPageTraceBehavior [ RunTime:0.001195s ]
INFO: [ app_end ] --END-- [ RunTime:0.001312s ]

[ 2020-06-16T14:56:08+08:00 ] ::1 /chongzhi/admin.php/Index/index.html
INFO: [ app_init ] --START--
INFO: Run Behavior\BuildLiteBehavior [ RunTime:0.000016s ]
INFO: [ app_init ] --END-- [ RunTime:0.000534s ]
INFO: [ app_begin ] --START--
INFO: Run Behavior\ReadHtmlCacheBehavior [ RunTime:0.000738s ]
INFO: [ app_begin ] --END-- [ RunTime:0.000804s ]
SQL: SHOW COLUMNS FROM `db_card` [ RunTime:0.0006s ]
NOTIC: [8] Undefined index: use D:\wamp\www\chongzhi\Application\Admin\Controller\IndexController.class.php 第 26 行.
SQL: SELECT COUNT(*) AS tp_count FROM `db_card` LIMIT 1   [ RunTime:0.0002s ]
SQL: SELECT * FROM `db_card` ORDER BY id desc LIMIT 0,10   [ RunTime:0.0003s ]
INFO: [ view_parse ] --START--
INFO: [ template_filter ] --START--
INFO: Run Behavior\ContentReplaceBehavior [ RunTime:0.000053s ]
INFO: [ template_filter ] --END-- [ RunTime:0.000122s ]
INFO: Run Behavior\ParseTemplateBehavior [ RunTime:0.008171s ]
INFO: [ view_parse ] --END-- [ RunTime:0.008233s ]
INFO: [ view_filter ] --START--
INFO: Run Behavior\WriteHtmlCacheBehavior [ RunTime:0.000545s ]
INFO: [ view_filter ] --END-- [ RunTime:0.000604s ]
INFO: [ app_end ] --START--
INFO: Run Behavior\ShowPageTraceBehavior [ RunTime:0.000834s ]
INFO: [ app_end ] --END-- [ RunTime:0.000926s ]

[ 2020-06-16T14:56:18+08:00 ] ::1 /chongzhi/admin.php/Index/add
INFO: [ app_init ] --START--
INFO: Run Behavior\BuildLiteBehavior [ RunTime:0.000017s ]
INFO: [ app_init ] --END-- [ RunTime:0.000535s ]
INFO: [ app_begin ] --START--
INFO: Run Behavior\ReadHtmlCacheBehavior [ RunTime:0.000702s ]
INFO: [ app_begin ] --END-- [ RunTime:0.000770s ]
SQL: SHOW COLUMNS FROM `db_card` [ RunTime:0.0005s ]
SQL: SELECT COUNT(*) AS tp_count FROM `db_card` LIMIT 1   [ RunTime:0.0002s ]
INFO: [ view_parse ] --START--
INFO: [ template_filter ] --START--
INFO: Run Behavior\ContentReplaceBehavior [ RunTime:0.000044s ]
INFO: [ template_filter ] --END-- [ RunTime:0.000110s ]
INFO: Run Behavior\ParseTemplateBehavior [ RunTime:0.006229s ]
INFO: [ view_parse ] --END-- [ RunTime:0.006292s ]
INFO: [ view_filter ] --START--
INFO: Run Behavior\WriteHtmlCacheBehavior [ RunTime:0.000546s ]
INFO: [ view_filter ] --END-- [ RunTime:0.000604s ]
NOTIC: [2] Cannot modify header information - headers already sent by (output started at D:\wamp\www\chongzhi\Application\Admin\Controller\IndexController.class.php:58) D:\wamp\www\chongzhi\ThinkPHP\Library\Think\View.class.php 第 91 行.
NOTIC: [2] Cannot modify header information - headers already sent by (output started at D:\wamp\www\chongzhi\Application\Admin\Controller\IndexController.class.php:58) D:\wamp\www\chongzhi\ThinkPHP\Library\Think\View.class.php 第 92 行.
NOTIC: [2] Cannot modify header information - headers already sent by (output started at D:\wamp\www\chongzhi\Application\Admin\Controller\IndexController.class.php:58) D:\wamp\www\chongzhi\ThinkPHP\Library\Think\View.class.php 第 93 行.
INFO: [ app_end ] --START--
INFO: Run Behavior\ShowPageTraceBehavior [ RunTime:0.001004s ]
INFO: [ app_end ] --END-- [ RunTime:0.001066s ]

[ 2020-06-16T14:56:19+08:00 ] ::1 /chongzhi/admin.php/Index/index.html
INFO: [ app_init ] --START--
INFO: Run Behavior\BuildLiteBehavior [ RunTime:0.000020s ]
INFO: [ app_init ] --END-- [ RunTime:0.000634s ]
INFO: [ app_begin ] --START--
INFO: Run Behavior\ReadHtmlCacheBehavior [ RunTime:0.000744s ]
INFO: [ app_begin ] --END-- [ RunTime:0.000823s ]
SQL: SHOW COLUMNS FROM `db_card` [ RunTime:0.0006s ]
NOTIC: [8] Undefined index: use D:\wamp\www\chongzhi\Application\Admin\Controller\IndexController.class.php 第 26 行.
SQL: SELECT COUNT(*) AS tp_count FROM `db_card` LIMIT 1   [ RunTime:0.0002s ]
SQL: SELECT * FROM `db_card` ORDER BY id desc LIMIT 0,10   [ RunTime:0.0003s ]
INFO: [ view_parse ] --START--
INFO: [ template_filter ] --START--
INFO: Run Behavior\ContentReplaceBehavior [ RunTime:0.000069s ]
INFO: [ template_filter ] --END-- [ RunTime:0.000152s ]
INFO: Run Behavior\ParseTemplateBehavior [ RunTime:0.008826s ]
INFO: [ view_parse ] --END-- [ RunTime:0.008912s ]
INFO: [ view_filter ] --START--
INFO: Run Behavior\WriteHtmlCacheBehavior [ RunTime:0.000609s ]
INFO: [ view_filter ] --END-- [ RunTime:0.000686s ]
INFO: [ app_end ] --START--
INFO: Run Behavior\ShowPageTraceBehavior [ RunTime:0.000818s ]
INFO: [ app_end ] --END-- [ RunTime:0.000898s ]

[ 2020-06-16T15:00:46+08:00 ] ::1 /chongzhi/admin.php/Index/index.html
INFO: [ app_init ] --START--
INFO: Run Behavior\BuildLiteBehavior [ RunTime:0.000015s ]
INFO: [ app_init ] --END-- [ RunTime:0.000527s ]
INFO: [ app_begin ] --START--
INFO: Run Behavior\ReadHtmlCacheBehavior [ RunTime:0.000722s ]
INFO: [ app_begin ] --END-- [ RunTime:0.000788s ]
SQL: SHOW COLUMNS FROM `db_card` [ RunTime:0.0010s ]
NOTIC: [8] Undefined index: use D:\wamp\www\chongzhi\Application\Admin\Controller\IndexController.class.php 第 26 行.
SQL: SELECT COUNT(*) AS tp_count FROM `db_card` LIMIT 1   [ RunTime:0.0002s ]
SQL: SELECT * FROM `db_card` ORDER BY id desc LIMIT 0,10   [ RunTime:0.0003s ]
INFO: [ view_parse ] --START--
INFO: [ template_filter ] --START--
INFO: Run Behavior\ContentReplaceBehavior [ RunTime:0.000053s ]
INFO: [ template_filter ] --END-- [ RunTime:0.000118s ]
INFO: Run Behavior\ParseTemplateBehavior [ RunTime:0.008810s ]
INFO: [ view_parse ] --END-- [ RunTime:0.008876s ]
INFO: [ view_filter ] --START--
INFO: Run Behavior\WriteHtmlCacheBehavior [ RunTime:0.000546s ]
INFO: [ view_filter ] --END-- [ RunTime:0.000605s ]
INFO: [ app_end ] --START--
INFO: Run Behavior\ShowPageTraceBehavior [ RunTime:0.000773s ]
INFO: [ app_end ] --END-- [ RunTime:0.000835s ]

[ 2020-06-16T15:00:47+08:00 ] ::1 /chongzhi/admin.php/Index/index.html
INFO: [ app_init ] --START--
INFO: Run Behavior\BuildLiteBehavior [ RunTime:0.000016s ]
INFO: [ app_init ] --END-- [ RunTime:0.000494s ]
INFO: [ app_begin ] --START--
INFO: Run Behavior\ReadHtmlCacheBehavior [ RunTime:0.000627s ]
INFO: [ app_begin ] --END-- [ RunTime:0.000694s ]
SQL: SHOW COLUMNS FROM `db_card` [ RunTime:0.0010s ]
NOTIC: [8] Undefined index: use D:\wamp\www\chongzhi\Application\Admin\Controller\IndexController.class.php 第 26 行.
SQL: SELECT COUNT(*) AS tp_count FROM `db_card` LIMIT 1   [ RunTime:0.0002s ]
SQL: SELECT * FROM `db_card` ORDER BY id desc LIMIT 0,10   [ RunTime:0.0003s ]
INFO: [ view_parse ] --START--
INFO: [ template_filter ] --START--
INFO: Run Behavior\ContentReplaceBehavior [ RunTime:0.000060s ]
INFO: [ template_filter ] --END-- [ RunTime:0.000126s ]
INFO: Run Behavior\ParseTemplateBehavior [ RunTime:0.007056s ]
INFO: [ view_parse ] --END-- [ RunTime:0.007123s ]
INFO: [ view_filter ] --START--
INFO: Run Behavior\WriteHtmlCacheBehavior [ RunTime:0.000508s ]
INFO: [ view_filter ] --END-- [ RunTime:0.000571s ]
INFO: [ app_end ] --START--
INFO: Run Behavior\ShowPageTraceBehavior [ RunTime:0.000726s ]
INFO: [ app_end ] --END-- [ RunTime:0.000795s ]

[ 2020-06-16T15:01:05+08:00 ] ::1 /chongzhi/admin.php/Index/add
INFO: [ app_init ] --START--
INFO: Run Behavior\BuildLiteBehavior [ RunTime:0.000017s ]
INFO: [ app_init ] --END-- [ RunTime:0.000525s ]
INFO: [ app_begin ] --START--
INFO: Run Behavior\ReadHtmlCacheBehavior [ RunTime:0.000727s ]
INFO: [ app_begin ] --END-- [ RunTime:0.000796s ]
SQL: SHOW COLUMNS FROM `db_card` [ RunTime:0.0009s ]
SQL: SELECT COUNT(*) AS tp_count FROM `db_card` WHERE `prefix` = 'abs' LIMIT 1   [ RunTime:0.0003s ]
SQL: INSERT INTO `db_card` (`account`,`pwd`,`amount`,`isuse`,`prefix`) VALUES ('abs00001','95791749','5','0','abs') [ RunTime:0.0004s ]
SQL: INSERT INTO `db_card` (`account`,`pwd`,`amount`,`isuse`,`prefix`) VALUES ('abs00002','51747673','5','0','abs') [ RunTime:0.0004s ]
SQL: INSERT INTO `db_card` (`account`,`pwd`,`amount`,`isuse`,`prefix`) VALUES ('abs00003','65251564','5','0','abs') [ RunTime:0.0003s ]
SQL: INSERT INTO `db_card` (`account`,`pwd`,`amount`,`isuse`,`prefix`) VALUES ('abs00004','91433786','5','0','abs') [ RunTime:0.0003s ]
SQL: INSERT INTO `db_card` (`account`,`pwd`,`amount`,`isuse`,`prefix`) VALUES ('abs00005','52242482','5','0','abs') [ RunTime:0.0002s ]
INFO: [ view_parse ] --START--
INFO: [ template_filter ] --START--
INFO: Run Behavior\ContentReplaceBehavior [ RunTime:0.000044s ]
INFO: [ template_filter ] --END-- [ RunTime:0.000103s ]
INFO: Run Behavior\ParseTemplateBehavior [ RunTime:0.005346s ]
INFO: [ view_parse ] --END-- [ RunTime:0.005408s ]
INFO: [ view_filter ] --START--
INFO: Run Behavior\WriteHtmlCacheBehavior [ RunTime:0.000540s ]
INFO: [ view_filter ] --END-- [ RunTime:0.000600s ]
INFO: [ app_end ] --START--
INFO: Run Behavior\ShowPageTraceBehavior [ RunTime:0.000747s ]
INFO: [ app_end ] --END-- [ RunTime:0.000806s ]

[ 2020-06-16T15:01:06+08:00 ] ::1 /chongzhi/admin.php/Index/index.html
INFO: [ app_init ] --START--
INFO: Run Behavior\BuildLiteBehavior [ RunTime:0.000017s ]
INFO: [ app_init ] --END-- [ RunTime:0.000562s ]
INFO: [ app_begin ] --START--
INFO: Run Behavior\ReadHtmlCacheBehavior [ RunTime:0.000777s ]
INFO: [ app_begin ] --END-- [ RunTime:0.000859s ]
SQL: SHOW COLUMNS FROM `db_card` [ RunTime:0.0010s ]
NOTIC: [8] Undefined index: use D:\wamp\www\chongzhi\Application\Admin\Controller\IndexController.class.php 第 26 行.
SQL: SELECT COUNT(*) AS tp_count FROM `db_card` LIMIT 1   [ RunTime:0.0002s ]
SQL: SELECT * FROM `db_card` ORDER BY id desc LIMIT 0,10   [ RunTime:0.0003s ]
INFO: [ view_parse ] --START--
INFO: [ template_filter ] --START--
INFO: Run Behavior\ContentReplaceBehavior [ RunTime:0.000057s ]
INFO: [ template_filter ] --END-- [ RunTime:0.000124s ]
INFO: Run Behavior\ParseTemplateBehavior [ RunTime:0.007197s ]
INFO: [ view_parse ] --END-- [ RunTime:0.007264s ]
INFO: [ view_filter ] --START--
INFO: Run Behavior\WriteHtmlCacheBehavior [ RunTime:0.000518s ]
INFO: [ view_filter ] --END-- [ RunTime:0.000583s ]
INFO: [ app_end ] --START--
INFO: Run Behavior\ShowPageTraceBehavior [ RunTime:0.000723s ]
INFO: [ app_end ] --END-- [ RunTime:0.000794s ]

[ 2020-06-16T15:01:21+08:00 ] ::1 /chongzhi/admin.php/Index/add
INFO: [ app_init ] --START--
INFO: Run Behavior\BuildLiteBehavior [ RunTime:0.000015s ]
INFO: [ app_init ] --END-- [ RunTime:0.000493s ]
INFO: [ app_begin ] --START--
INFO: Run Behavior\ReadHtmlCacheBehavior [ RunTime:0.000638s ]
INFO: [ app_begin ] --END-- [ RunTime:0.000704s ]
SQL: SHOW COLUMNS FROM `db_card` [ RunTime:0.0009s ]
SQL: SELECT COUNT(*) AS tp_count FROM `db_card` WHERE `prefix` = 'abs' LIMIT 1   [ RunTime:0.0003s ]
SQL: INSERT INTO `db_card` (`account`,`pwd`,`amount`,`isuse`,`prefix`) VALUES ('abs00006','69381975','5','0','abs') [ RunTime:0.0003s ]
INFO: [ view_parse ] --START--
INFO: [ template_filter ] --START--
INFO: Run Behavior\ContentReplaceBehavior [ RunTime:0.000043s ]
INFO: [ template_filter ] --END-- [ RunTime:0.000107s ]
INFO: Run Behavior\ParseTemplateBehavior [ RunTime:0.006065s ]
INFO: [ view_parse ] --END-- [ RunTime:0.006127s ]
INFO: [ view_filter ] --START--
INFO: Run Behavior\WriteHtmlCacheBehavior [ RunTime:0.000493s ]
INFO: [ view_filter ] --END-- [ RunTime:0.000552s ]
INFO: [ app_end ] --START--
INFO: Run Behavior\ShowPageTraceBehavior [ RunTime:0.000673s ]
INFO: [ app_end ] --END-- [ RunTime:0.000732s ]

[ 2020-06-16T15:01:22+08:00 ] ::1 /chongzhi/admin.php/Index/index.html
INFO: [ app_init ] --START--
INFO: Run Behavior\BuildLiteBehavior [ RunTime:0.000018s ]
INFO: [ app_init ] --END-- [ RunTime:0.000617s ]
INFO: [ app_begin ] --START--
INFO: Run Behavior\ReadHtmlCacheBehavior [ RunTime:0.000656s ]
INFO: [ app_begin ] --END-- [ RunTime:0.000720s ]
SQL: SHOW COLUMNS FROM `db_card` [ RunTime:0.0009s ]
NOTIC: [8] Undefined index: use D:\wamp\www\chongzhi\Application\Admin\Controller\IndexController.class.php 第 26 行.
SQL: SELECT COUNT(*) AS tp_count FROM `db_card` LIMIT 1   [ RunTime:0.0003s ]
SQL: SELECT * FROM `db_card` ORDER BY id desc LIMIT 0,10   [ RunTime:0.0003s ]
INFO: [ view_parse ] --START--
INFO: [ template_filter ] --START--
INFO: Run Behavior\ContentReplaceBehavior [ RunTime:0.000053s ]
INFO: [ template_filter ] --END-- [ RunTime:0.000117s ]
INFO: Run Behavior\ParseTemplateBehavior [ RunTime:0.006718s ]
INFO: [ view_parse ] --END-- [ RunTime:0.006780s ]
INFO: [ view_filter ] --START--
INFO: Run Behavior\WriteHtmlCacheBehavior [ RunTime:0.000474s ]
INFO: [ view_filter ] --END-- [ RunTime:0.000531s ]
INFO: [ app_end ] --START--
INFO: Run Behavior\ShowPageTraceBehavior [ RunTime:0.000702s ]
INFO: [ app_end ] --END-- [ RunTime:0.000764s ]

